<?xml version="1.0" encoding="UTF-8"?>
<testng-results skipped="0" failed="0" ignored="0" total="1" passed="1">
  <reporter-output>
  </reporter-output>
  <suite name="Default suite" duration-ms="9389" started-at="2018-07-17T07:56:51Z" finished-at="2018-07-17T07:57:01Z">
    <groups>
    </groups>
    <test name="Default test" duration-ms="9389" started-at="2018-07-17T07:56:51Z" finished-at="2018-07-17T07:57:01Z">
      <class name="SeleniumTest">
        <test-method status="PASS" signature="setUp()[pri:0, instance:SeleniumTest@6d4b1c02]" name="setUp" is-config="true" duration-ms="4495" started-at="2018-07-17T10:56:51Z" finished-at="2018-07-17T10:56:56Z">
          <reporter-output>
          </reporter-output>
        </test-method> <!-- setUp -->
        <test-method status="PASS" signature="testExperitest()[pri:0, instance:SeleniumTest@6d4b1c02]" name="testExperitest" duration-ms="4631" started-at="2018-07-17T10:56:56Z" finished-at="2018-07-17T10:57:00Z">
          <reporter-output>
          </reporter-output>
        </test-method> <!-- testExperitest -->
        <test-method status="PASS" signature="tearDown()[pri:0, instance:SeleniumTest@6d4b1c02]" name="tearDown" is-config="true" duration-ms="218" started-at="2018-07-17T10:57:00Z" finished-at="2018-07-17T10:57:01Z">
          <reporter-output>
          </reporter-output>
        </test-method> <!-- tearDown -->
      </class> <!-- SeleniumTest -->
    </test> <!-- Default test -->
  </suite> <!-- Default suite -->
</testng-results>
